
 Serial.begin(115200) buzzer pin A0 = 14
 Hello from setup_qspi m4 getline stuff.    Found QSPI Flash.
 NOV 2018: Mounted filesystem!
 SPI_FlashROM_FILENAME: /forth/ascii_xfer_a001.txt

 GIT 8c8141d2866
 SIWNA feature +trm4x +fm4x +crickitCPX
 time Sun Nov 4 02:32:24 2018 branch testing-gg-      
 shred 4737-a3c-00d- target Trellis M4 Express
 forthSpace $2000037C size 0x8000

  YAFFA samd51Forth (170 flashWords) - 201905 - samsuanchen@gmail.com  
 ok
load  ok
   ok
  ok
\ samsuanchen@gmail.com 20190523 13:50  ok
  ok
\ A. save this script to flash  ok
  ok
\ A.0. connect samD51 to PC  ok
  ok
\ A.0. open Arduino IDE  ok
  ok
\ A.0. Tools/Board/Adafruit ItsyBitsy M4 (samD51)  ok
  ok
\ A.0. Tools/Port  ok
  ok
\ A.0. open Tera Term VT  ok
  ok
\ A.0.0. Setup/Serial Port  ok
  ok
\ A.0.1. Baud rate: 115200  ok
  ok
\ A.1. enter "eflmkdir"  ok
  ok
\ A.2. enter "download"  ok
  ok
\ A.3. paste this script  ok
  ok
\ B. update this script to flash  ok
  ok
\ B.0. open Tera Term VT  ok
  ok
\ B.0.0. Reset samD51  ok
  ok
\ B.1. File/Disconnect  ok
  ok
\ B.2. enter "remove"  ok
  ok
\ B.3. enter "download"  ok
  ok
\ B.4. paste this script  ok
  ok
decimal  ok
  ok
: .r ( n m -- ) >r 0 <# #s #> r> over - 0 over <    if spaces    else drop    then type ; 
firstUserEntry 2000037c ok
  ok
: .0r ( n m -- ) >r 0 <# #s #> r> over - 0 over <    if 0      do 48 emit      loop    else drop    then type ;  ok
  ok
: t \ ( -- ) show 9 * 9 table    10 1 do cr 10 1 do i j * 3 .r loop loop ;  ok
  ok
 13 constant led  ok
  ok
 14 constant buzzer  ok
  ok
  9 constant BR \ red button right  ok
  ok
 10 constant BD \ yellow button down  ok
  ok
 11 constant BL \ green button left  ok
  ok
 12 constant BU \ blue button up  ok
  ok
: O \ ( pin -- ) set pinMode as OUTPUT    1 swap pinMode ;  ok
  ok
 led O buzzer O  ok
  ok
: I \ ( pin -- ) set pinMode as INPUT    2 swap pinMode ;  ok
  ok
 BR I BD I BL I BU I  ok
  ok
: H \ ( pin -- ) set pinLevel as HIGH    1 swap pinWrite ;  ok
  ok
: L \ ( pin -- ) set pinLevel as LOW    0 swap pinWrite ;  ok
  ok
: T \ ( pin -- ) toggle pinLevel    1 over pinRead - swap pinWrite ;  ok
  ok
: X \ ( n pin -- ) n times toggle pinLevel    swap over O 0 do dup T 500 delay loop drop ;  ok
  ok
 4 led X  ok
  ok
: y \ ( n -- ) check if n is zero    if ." non-zero" else ." zero" then ;  ok
  ok
: z \ ( n -- ) check if n is zero    if ." non-" then ." zero" ;  ok
  ok
: countRomWords ( -- n ) 0    begin 1+ dup romEntry @ 0=    until ;  ok
  ok
: romWords \ ( -- ) show all words defined in rom    countRomWords    begin dup    while dup .name space 1-    repeat drop ;  ok
  ok
: immediate? ( flag -- ) $80 and ;  ok
  ok
: compile-only? ( flag -- ) $40 and ;  ok
  ok
: smudge? ( flag -- ) $20 and ;  ok
  ok
: entry>link ( ramWordEntry -- lfa ) ;  ok
  ok
: entry>cfa ( ramWordEntry -- cfa ) cell+ @ ;  ok
  ok
: countRamWords ( -- n ) 0 ramLast    begin dup    while swap 1+ swap entry>link @    repeat drop ;  ok
  ok
: ramWords \ ( -- ) show all ram wordnames (in decreasing order)    ramLast    begin dup    while dup entry>cfa .name space entry>link @    repeat drop ;  ok
  ok
: allWords \ ( -- ) show all wordnames (in decreasing order)    cr ramWords romWords ; \ words  ok
  ok
: w. ( i -- ) base @ >r decimal ." W" 3 .0r space r> base ! ;  ok
  ok
: seeRamWords \ ( -- ) see all ram words (in decreasing order)    countRomWords countRamWords + ramLast    begin dup    while swap dup w. 1- swap dup entry>cfa (see) entry>link @    repeat 2drop ;  ok
  ok
: seeRomWords \ ( -- ) see all rom words (in decreasing order)    countRomWords    begin dup    while dup w. dup (see) 1-    repeat drop ;  ok
  ok
: seeAll \ ( -- ) see all words (in decreasing order)    cr seeRamWords seeRomWords ; \ seeAllremove  ok
  ok
: ww \ ( -- ) show all wordnames (in ascending order)    cr    \ for each rom words    0    begin 1+ ( iRomWord+1 ) dup romEntry @    while ( iRomWord+1 ) dup w. dup .name space    repeat ( nRomWords )    \ for each ram words    ramFirst    begin ( iWord ramEntry ) ?dup    while over w. dup entry>cfa .name space      swap 1+ swap nextRamEntry    repeat ( nWords ) drop ; \ www  ok
  ok
: ss \ ( -- ) see all words (in ascending order)    cr    \ for each rom words    0    begin 1+ ( iRomWord+1 ) dup romEntry @    while ( iRomWord+1 ) dup w. dup (see)    repeat ( nRomWords )    \ for each ram words    ramFirst    begin ( iWord ramEntry ) ?dup    while over w. dup entry>cfa (see)      swap 1+ swap nextRamEntry    repeat ( nWords ) drop ; \ ss  ok
  ok
: tst 48 0    do i 12 mod 0=     if cr     then 250 i cells freq + @ dup 4 .0r space     14 tone 275 delay    loop ; \ tst  ok
  ok
: printableChars base @ hex $7f $21 cr    do i 2 .0r space i emit space i $f and 0=      if cr  then    loop base ! ; printableChars 
21 ! 22 " 23 # 24 $ 25 % 26 & 27 ' 28 ( 29 ) 2a * 2b + 2c , 2d - 2e . 2f / 30 0 
31 1 32 2 33 3 34 4 35 5 36 6 37 7 38 8 39 9 3a : 3b ; 3c < 3d = 3e > 3f ? 40 @ 
41 A 42 B 43 C 44 D 45 E 46 F 47 G 48 H 49 I 4a J 4b K 4c L 4d M 4e N 4f O 50 P 
51 Q 52 R 53 S 54 T 55 U 56 V 57 W 58 X 59 Y 5a Z 5b [ 5c \ 5d ] 5e ^ 5f _ 60 ` 
61 a 62 b 63 c 64 d 65 e 66 f 67 g 68 h 69 i 6a j 6b k 6c l 6d m 6e n 6f o 70 p 
71 q 72 r 73 s 74 t 75 u 76 v 77 w 78 x 79 y 7a z 7b { 7c | 7d } 7e ~  ok
  ok
variable keyNote  ok
  ok
: keyNote: create 1 allot , does> r> r> drop cell+ @ keyNote ! ; 
_does() ip=$0 ok
  ok
220 keyNote: A  ok
  ok
see keyNote 
 HighLevel Ram Word keyNote (xt $20000bb0)
 HEAD
 20000b9c 20000b10 link
 20000ba0 20000bb0 cfa
 20000ba4 79656b00 name, flag
 20000ba8 65746f4e
 20000bac 00000000
 BODY
 20000bb0 0000000f (var)
 20000bb4 00000000
 ok
  ok
see keyNote: 
 HighLevel Ram Word keyNote: (xt $20000bcc)
 HEAD
 20000bb8 20000b9c link
 20000bbc 20000bcc cfa
 20000bc0 79656b00 name, flag
 20000bc4 65746f4e
 20000bc8 0000003a
 BODY
 20000bcc 0000005e create
 20000bd0 0000002e 1
 20000bd4 0000004a allot
 20000bd8 00000027 ,
 20000bdc 00000006 (does>)
 20000be0 00000078 r>
 20000be4 00000078 r>
 20000be8 00000012 drop
 20000bec 00000052 cell+
 20000bf0 00000046 @
 20000bf4 20000bb0 keyNote
 20000bf8 0000001d !
 20000bfc 00000001 exit
 ok
  ok
see A 
 HighLevel Ram Word A (xt $20000c0c)
 HEAD
 20000c00 20000bb8 link
 20000c04 20000c0c cfa
 20000c08 00004100 name, flag
 BODY
 20000c0c 20000be0 (does> keyNote:)
 20000c14 000000dc
 ok
  ok
A  ok
  ok
see keyNote 
 HighLevel Ram Word keyNote (xt $20000bb0)
 HEAD
 20000b9c 20000b10 link
 20000ba0 20000bb0 cfa
 20000ba4 79656b00 name, flag
 20000ba8 65746f4e
 20000bac 00000000
 BODY
 20000bb0 0000000f (var)
 20000bb4 000000dc
 ok
  ok
t 
  1  2  3  4  5  6  7  8  9
  2  4  6  8 10 12 14 16 18
  3  6  9 12 15 18 21 24 27
  4  8 12 16 20 24 28 32 36
  5 10 15 20 25 30 35 40 45
  6 12 18 24 30 36 42 48 54
  7 14 21 28 35 42 49 56 63
  8 16 24 32 40 48 56 64 72
  9 18 27 36 45 54 63 72 81 ok
words 
exit literal type bran zbran (does>) throw (do) (loop) (leave) (+loop) 
evaluate s" ." (var) over = drop (con) variable warm print . - + * 0= abort 
! # #> #s ' ( */ */mod +! +loop , / /mod 0< true false 0 1 2 3 4 1+ 1- 
2+ 2- 2* 2! 2/ 2@ 2drop 2dup 2over 2swap : ; < <# > >body >r ?dup @ abort" 
abs accept allot and base begin bl c! c, c@ cell+ cell- cells cell/ char 
char+ chars constant strlen again count cr create decimal depth do does> 
dup else emit execute fill find here hold i if j leave loop max min mod 
negate nip or pick quit r> r@ repeat rot source space spaces swap then 
u. until while word \ xor [ ['] [char] ] .( hex help who .s dump (see) 
see words romEntry ramFirst ramLast isRamEntry nextRamEntry .name delay 
pinWrite pinMode pinRead analogRead analogWrite >name eflmkdir load echo! 
remove download tone noTone freq isWord .r .0r t led buzzer BR BD BL BU 
O I H L T X y z countRomWords romWords immediate? compile-only? smudge? 
entry>link entry>cfa countRamWords ramWords allWords w. seeRamWords seeRomWords 
seeAll ww ss tst printableChars keyNote keyNote: A 
 ok
words 2 
2 2+ 2- 2* 2! 2/ 2@ 2drop 2dup 2over 2swap 
 ok
words dup 
2dup ?dup dup 
 ok
see dup 
 LowLevel Rom Word dup (xt $63)
 HEAD
 dd34 0000d653 nfa
 dd38 00005795 code
 dd3c 00000000 flag
 ok
see if 
 COMP_ONLY IMMEDIATE LowLevel Rom Word if (xt $6c)
 HEAD
 dda0 0000d737 nfa
 dda4 0000485d code
 dda8 000000c0 flag
 ok
see t 
 HighLevel Ram Word t (xt $20000454)
 HEAD
 20000448 200003d4 link
 2000044c 20000454 cfa
 20000450 00007400 name, flag
 BODY
 20000454 00000002 literal (0000000a)
 2000045c 0000002e 1
 20000460 00000008 (do)
 20000464 0000005d cr
 20000468 00000002 literal (0000000a)
 20000470 0000002e 1
 20000474 00000008 (do)
 20000478 0000006b i
 2000047c 0000006d j
 20000480 0000001a *
 20000484 00000030 3
 20000488 20000388 .r
 2000048c 00000009 (loop) (20000478)
 20000494 00000009 (loop) (20000464)
 2000049c 00000001 exit
 ok
see .r 
 HighLevel Ram Word .r (xt $20000388)
 HEAD
 2000037c 00000000 link
 20000380 20000388 cfa
 20000384 00722e00 name, flag
 BODY
 20000388 00000044 >r
 2000038c 0000002d 0
 20000390 00000041 <#
 20000394 00000020 #s
 20000398 0000001f #>
 2000039c 00000078 r>
 200003a0 00000010 over
 200003a4 00000018 -
 200003a8 0000002d 0
 200003ac 00000010 over
 200003b0 00000040 <
 200003b4 00000005 zbran (200003c8)
 200003bc 0000007e spaces
 200003c0 00000004 bran (200003cc)
 200003c8 00000012 drop
 200003cc 00000003 type
 200003d0 00000001 exit
 ok
see .0r 
 HighLevel Ram Word .0r (xt $200003e4)
 HEAD
 200003d4 2000037c link
 200003d8 200003e4 cfa
 200003dc 72302e00 name, flag
 200003e0 00000000
 BODY
 200003e4 00000044 >r
 200003e8 0000002d 0
 200003ec 00000041 <#
 200003f0 00000020 #s
 200003f4 0000001f #>
 200003f8 00000078 r>
 200003fc 00000010 over
 20000400 00000018 -
 20000404 0000002d 0
 20000408 00000010 over
 2000040c 00000040 <
 20000410 00000005 zbran (2000043c)
 20000418 0000002d 0
 2000041c 00000008 (do)
 20000420 00000002 literal (00000030)
 20000428 00000065 emit
 2000042c 00000009 (loop) (20000420)
 20000434 00000004 bran (20000440)
 2000043c 00000012 drop
 20000440 00000003 type
 20000444 00000001 exit
 ok
ww 
W001 exit W002 literal W003 type W004 bran W005 zbran W006 (does>) W007 throw W008 (do) W009 (loop) W010 (leave) W011 (+loop) W012 evaluate W013 s" W014 ." W015 (var) W016 over W017 = W018 drop W019 (con) W020 variable W021 warm W022 print W023 . W024 - W025 + W026 * W027 0= W028 abort W029 ! W030 # W031 #> W032 #s W033 ' W034 ( W035 */ W036 */mod W037 +! W038 +loop W039 , W040 / W041 /mod W042 0< W043 true W044 false W045 0 W046 1 W047 2 W048 3 W049 4 W050 1+ W051 1- W052 2+ W053 2- W054 2* W055 2! W056 2/ W057 2@ W058 2drop W059 2dup W060 2over W061 2swap W062 : W063 ; W064 < W065 <# W066 > W067 >body W068 >r W069 ?dup W070 @ W071 abort" W072 abs W073 accept W074 allot W075 and W076 base W077 begin W078 bl W079 c! W080 c, W081 c@ W082 cell+ W083 cell- W084 cells W085 cell/ W086 char W087 char+ W088 chars W089 constant W090 strlen W091 again W092 count W093 cr W094 create W095 decimal W096 depth W097 do W098 does> W099 dup W100 else W101 emit W102 execute W103 fill W104 find W105 here W106 hold W107 i W108 if W109 j W110 leave W111 loop W112 max W113 min W114 mod W115 negate W116 nip W117 or W118 pick W119 quit W120 r> W121 r@ W122 repeat W123 rot W124 source W125 space W126 spaces W127 swap W128 then W129 u. W130 until W131 while W132 word W133 \ W134 xor W135 [ W136 ['] W137 [char] W138 ] W139 .( W140 hex W141 help W142 who W143 .s W144 dump W145 (see) W146 see W147 words W148 romEntry W149 ramFirst W150 ramLast W151 isRamEntry W152 nextRamEntry W153 .name W154 delay W155 pinWrite W156 pinMode W157 pinRead W158 analogRead W159 analogWrite W160 >name W161 eflmkdir W162 load W163 echo! W164 remove W165 download W166 tone W167 noTone W168 freq W169 isWord W170 .r W171 .0r W172 t W173 led W174 buzzer W175 BR W176 BD W177 BL W178 BU W179 O W180 I W181 H W182 L W183 T W184 X W185 y W186 z W187 countRomWords W188 romWords W189 immediate? W190 compile-only? W191 smudge? W192 entry>link W193 entry>cfa W194 countRamWords W195 ramWords W196 allWords W197 w. W198 seeRamWords W199 seeRomWords W200 seeAll W201 ww W202 ss W203 tst W204 printableChars W205 keyNote W206 keyNote: W207 A  ok
ss 
W001 
 LowLevel Rom Word exit (xt $1)
 HEAD
 d89c 0000d58e nfa
 d8a0 00006005 code
 d8a4 00000000 flag
W002 
 IMMEDIATE LowLevel Rom Word literal (xt $2)
 HEAD
 d8a8 0000d593 nfa
 d8ac 00006c9d code
 d8b0 00000080 flag
W003 
 LowLevel Rom Word type (xt $3)
 HEAD
 d8b4 0000d59b nfa
 d8b8 000071bd code
 d8bc 00000000 flag
W004 
 SMUDGE LowLevel Rom Word bran (xt $4)
 HEAD
 d8c0 0000d5a1 nfa
 d8c4 00006c5d code
 d8c8 00000020 flag
W005 
 SMUDGE LowLevel Rom Word zbran (xt $5)
 HEAD
 d8cc 0000d5a0 nfa
 d8d0 00007255 code
 d8d4 00000020 flag
W006 
 SMUDGE LowLevel Rom Word (does>) (xt $6)
 HEAD
 d8d8 0000d5a6 nfa
 d8dc 000070f9 code
 d8e0 00000020 flag
W007 
 LowLevel Rom Word throw (xt $7)
 HEAD
 d8e4 0000d5ae nfa
 d8e8 0000711d code
 d8ec 00000000 flag
W008 
 SMUDGE LowLevel Rom Word (do) (xt $8)
 HEAD
 d8f0 0000d5b4 nfa
 d8f4 00005d89 code
 d8f8 00000020 flag
W009 
 SMUDGE LowLevel Rom Word (loop) (xt $9)
 HEAD
 d8fc 0000d5b9 nfa
 d900 00006d01 code
 d904 00000020 flag
W010 
 SMUDGE LowLevel Rom Word (leave) (xt $a)
 HEAD
 d908 0000d5c0 nfa
 d90c 00006c6d code
 d910 00000020 flag
W011 
 SMUDGE LowLevel Rom Word (+loop) (xt $b)
 HEAD
 d914 0000d5c8 nfa
 d918 00006d5d code
 d91c 00000020 flag
W012 
 LowLevel Rom Word evaluate (xt $c)
 HEAD
 d920 0000d5d0 nfa
 d924 000049e9 code
 d928 00000000 flag
W013 
 COMP_ONLY IMMEDIATE LowLevel Rom Word s" (xt $d)
 HEAD
 d92c 0000d5d9 nfa
 d930 00006de9 code
 d934 000000c0 flag
W014 
 COMP_ONLY IMMEDIATE LowLevel Rom Word ." (xt $e)
 HEAD
 d938 0000d5dc nfa
 d93c 00005da9 code
 d940 000000c0 flag
W015 
 LowLevel Rom Word (var) (xt $f)
 HEAD
 d944 0000d5df nfa
 d948 000071e5 code
 d94c 00000000 flag
W016 
 LowLevel Rom Word over (xt $10)
 HEAD
 d950 0000d658 nfa
 d954 00006d4d code
 d958 00000000 flag
W017 
 LowLevel Rom Word = (xt $11)
 HEAD
 d95c 0000d600 nfa
 d960 00005f71 code
 d964 00000000 flag
W018 
 LowLevel Rom Word drop (xt $12)
 HEAD
 d968 0000d64d nfa
 d96c 00005e7d code
 d970 00000000 flag
W019 
 LowLevel Rom Word (con) (xt $13)
 HEAD
 d974 0000d5e5 nfa
 d978 00004619 code
 d97c 00000000 flag
W020 
 LowLevel Rom Word variable (xt $14)
 HEAD
 d980 0000d5eb nfa
 d984 000071fd code
 d988 00000000 flag
W021 
 LowLevel Rom Word warm (xt $15)
 HEAD
 d98c 0000d5f4 nfa
 d990 00007221 code
 d994 00000000 flag
W022 
 LowLevel Rom Word print (xt $16)
 HEAD
 d998 0000d5f9 nfa
 d99c 000071a5 code
 d9a0 00000000 flag
W023 
 LowLevel Rom Word . (xt $17)
 HEAD
 d9a4 0000e39e nfa
 d9a8 00005841 code
 d9ac 00000000 flag
W024 
 LowLevel Rom Word - (xt $18)
 HEAD
 d9b0 0000d638 nfa
 d9b4 000047e3 code
 d9b8 00000000 flag
W025 
 LowLevel Rom Word + (xt $19)
 HEAD
 d9bc 0000d635 nfa
 d9c0 000047cd code
 d9c4 00000000 flag
W026 
 LowLevel Rom Word * (xt $1a)
 HEAD
 d9c8 0000d641 nfa
 d9cc 000047f9 code
 d9d0 00000000 flag
W027 
 LowLevel Rom Word 0= (xt $1b)
 HEAD
 d9d4 0000d5ff nfa
 d9d8 00005b15 code
 d9dc 00000000 flag
W028 
 LowLevel Rom Word abort (xt $1c)
 HEAD
 d9e0 0000d602 nfa
 d9e4 00004f17 code
 d9e8 00000000 flag
W029 
 LowLevel Rom Word ! (xt $1d)
 HEAD
 d9ec 0000d61a nfa
 d9f0 00005b3b code
 d9f4 00000000 flag
W030 
 LowLevel Rom Word # (xt $1e)
 HEAD
 d9f8 0000d666 nfa
 d9fc 00004b49 code
 da00 00000000 flag
W031 
 LowLevel Rom Word #> (xt $1f)
 HEAD
 da04 0000d608 nfa
 da08 00004ba9 code
 da0c 00000000 flag
W032 
 LowLevel Rom Word #s (xt $20)
 HEAD
 da10 0000d60b nfa
 da14 00004bd5 code
 da18 00000000 flag
W033 
 LowLevel Rom Word ' (xt $21)
 HEAD
 da1c 0000d60e nfa
 da20 00004c3d code
 da24 00000000 flag
W034 
 IMMEDIATE LowLevel Rom Word ( (xt $22)
 HEAD
 da28 0000e879 nfa
 da2c 000058e5 code
 da30 00000080 flag
W035 
 LowLevel Rom Word */ (xt $23)
 HEAD
 da34 0000d610 nfa
 da38 00004c71 code
 da3c 00000000 flag
W036 
 LowLevel Rom Word */mod (xt $24)
 HEAD
 da40 0000d613 nfa
 da44 00004c97 code
 da48 00000000 flag
W037 
 LowLevel Rom Word +! (xt $25)
 HEAD
 da4c 0000d619 nfa
 da50 00005b75 code
 da54 00000000 flag
W038 
 COMP_ONLY IMMEDIATE LowLevel Rom Word +loop (xt $26)
 HEAD
 da58 0000d61c nfa
 da5c 00004cd5 code
 da60 000000c0 flag
W039 
 LowLevel Rom Word , (xt $27)
 HEAD
 da64 0000d6a4 nfa
 da68 00004539 code
 da6c 00000000 flag
W040 
 LowLevel Rom Word / (xt $28)
 HEAD
 da70 0000d611 nfa
 da74 0000480f code
 da78 00000000 flag
W041 
 LowLevel Rom Word /mod (xt $29)
 HEAD
 da7c 0000d614 nfa
 da80 00004d21 code
 da84 00000000 flag
W042 
 LowLevel Rom Word 0< (xt $2a)
 HEAD
 da88 0000d622 nfa
 da8c 00004d55 code
 da90 00000000 flag
W043 
 LowLevel Rom Word true (xt $2b)
 HEAD
 da94 0000d625 nfa
 da98 00004d65 code
 da9c 00000000 flag
W044 
 LowLevel Rom Word false (xt $2c)
 HEAD
 daa0 0000d62a nfa
 daa4 00004d6d code
 daa8 00000000 flag
W045 
 LowLevel Rom Word 0 (xt $2d)
 HEAD
 daac 0000ef80 nfa
 dab0 00004d73 code
 dab4 00000000 flag
W046 
 LowLevel Rom Word 1 (xt $2e)
 HEAD
 dab8 0000d630 nfa
 dabc 00004d79 code
 dac0 00000000 flag
W047 
 LowLevel Rom Word 2 (xt $2f)
 HEAD
 dac4 0000d632 nfa
 dac8 00004d7f code
 dacc 00000000 flag
W048 
 LowLevel Rom Word 3 (xt $30)
 HEAD
 dad0 0000e84f nfa
 dad4 00004d85 code
 dad8 00000000 flag
W049 
 LowLevel Rom Word 4 (xt $31)
 HEAD
 dadc 0000e852 nfa
 dae0 00004d8b code
 dae4 00000000 flag
W050 
 LowLevel Rom Word 1+ (xt $32)
 HEAD
 dae8 0000d634 nfa
 daec 00004db1 code
 daf0 00000000 flag
W051 
 LowLevel Rom Word 1- (xt $33)
 HEAD
 daf4 0000d637 nfa
 daf8 00004dc1 code
 dafc 00000000 flag
W052 
 LowLevel Rom Word 2+ (xt $34)
 HEAD
 db00 0000d63a nfa
 db04 00004d91 code
 db08 00000000 flag
W053 
 LowLevel Rom Word 2- (xt $35)
 HEAD
 db0c 0000d63d nfa
 db10 00004da1 code
 db14 00000000 flag
W054 
 LowLevel Rom Word 2* (xt $36)
 HEAD
 db18 0000d640 nfa
 db1c 00004dd1 code
 db20 00000000 flag
W055 
 LowLevel Rom Word 2! (xt $37)
 HEAD
 db24 0000d643 nfa
 db28 00005bad code
 db2c 00000000 flag
W056 
 LowLevel Rom Word 2/ (xt $38)
 HEAD
 db30 0000d646 nfa
 db34 00004de1 code
 db38 00000000 flag
W057 
 LowLevel Rom Word 2@ (xt $39)
 HEAD
 db3c 0000d649 nfa
 db40 00005c1d code
 db44 00000000 flag
W058 
 LowLevel Rom Word 2drop (xt $3a)
 HEAD
 db48 0000d64c nfa
 db4c 00004529 code
 db50 00000000 flag
W059 
 LowLevel Rom Word 2dup (xt $3b)
 HEAD
 db54 0000d652 nfa
 db58 00004df1 code
 db5c 00000000 flag
W060 
 LowLevel Rom Word 2over (xt $3c)
 HEAD
 db60 0000d657 nfa
 db64 00004e0b code
 db68 00000000 flag
W061 
 LowLevel Rom Word 2swap (xt $3d)
 HEAD
 db6c 0000d65d nfa
 db70 00004e2d code
 db74 00000000 flag
W062 
 LowLevel Rom Word : (xt $3e)
 HEAD
 db78 0000e5c8 nfa
 db7c 000045d1 code
 db80 00000000 flag
W063 
 IMMEDIATE LowLevel Rom Word ; (xt $3f)
 HEAD
 db84 0000d663 nfa
 db88 000045ed code
 db8c 00000080 flag
W064 
 LowLevel Rom Word < (xt $40)
 HEAD
 db90 0000d623 nfa
 db94 00004e63 code
 db98 00000000 flag
W065 
 LowLevel Rom Word <# (xt $41)
 HEAD
 db9c 0000d665 nfa
 dba0 00004e81 code
 dba4 00000000 flag
W066 
 LowLevel Rom Word > (xt $42)
 HEAD
 dba8 0000d609 nfa
 dbac 00004ead code
 dbb0 00000000 flag
W067 
 LowLevel Rom Word >body (xt $43)
 HEAD
 dbb4 0000d668 nfa
 dbb8 00004ecb code
 dbbc 00000000 flag
W068 
 LowLevel Rom Word >r (xt $44)
 HEAD
 dbc0 0000d66e nfa
 dbc4 00005c63 code
 dbc8 00000000 flag
W069 
 LowLevel Rom Word ?dup (xt $45)
 HEAD
 dbcc 0000d671 nfa
 dbd0 00004ef5 code
 dbd4 00000000 flag
W070 
 LowLevel Rom Word @ (xt $46)
 HEAD
 dbd8 0000d64a nfa
 dbdc 00005c0d code
 dbe0 00000000 flag
W071 
 COMP_ONLY IMMEDIATE LowLevel Rom Word abort" (xt $47)
 HEAD
 dbe4 0000d676 nfa
 dbe8 00004f29 code
 dbec 000000c0 flag
W072 
 LowLevel Rom Word abs (xt $48)
 HEAD
 dbf0 0000d67d nfa
 dbf4 00004849 code
 dbf8 00000000 flag
W073 
 LowLevel Rom Word accept (xt $49)
 HEAD
 dbfc 0000d681 nfa
 dc00 00004551 code
 dc04 00000000 flag
W074 
 LowLevel Rom Word allot (xt $4a)
 HEAD
 dc08 0000d688 nfa
 dc0c 0000456d code
 dc10 00000000 flag
W075 
 LowLevel Rom Word and (xt $4b)
 HEAD
 dc14 0000d68e nfa
 dc18 000057ff code
 dc1c 00000000 flag
W076 
 LowLevel Rom Word base (xt $4c)
 HEAD
 dc20 0000d692 nfa
 dc24 00005071 code
 dc28 00000000 flag
W077 
 COMP_ONLY IMMEDIATE LowLevel Rom Word begin (xt $4d)
 HEAD
 dc2c 0000d697 nfa
 dc30 00004f71 code
 dc34 000000c0 flag
W078 
 LowLevel Rom Word bl (xt $4e)
 HEAD
 dc38 0000d69d nfa
 dc3c 0000507d code
 dc40 00000000 flag
W079 
 LowLevel Rom Word c! (xt $4f)
 HEAD
 dc44 0000d6a0 nfa
 dc48 00005b4b code
 dc4c 00000000 flag
W080 
 LowLevel Rom Word c, (xt $50)
 HEAD
 dc50 0000d6a3 nfa
 dc54 00005b5d code
 dc58 00000000 flag
W081 
 LowLevel Rom Word c@ (xt $51)
 HEAD
 dc5c 0000d6a6 nfa
 dc60 00005c35 code
 dc64 00000000 flag
W082 
 LowLevel Rom Word cell+ (xt $52)
 HEAD
 dc68 0000d6a9 nfa
 dc6c 00005083 code
 dc70 00000000 flag
W083 
 LowLevel Rom Word cell- (xt $53)
 HEAD
 dc74 0000d6af nfa
 dc78 00005093 code
 dc7c 00000000 flag
W084 
 LowLevel Rom Word cells (xt $54)
 HEAD
 dc80 0000d6b5 nfa
 dc84 000050a3 code
 dc88 00000000 flag
W085 
 LowLevel Rom Word cell/ (xt $55)
 HEAD
 dc8c 0000d6bb nfa
 dc90 000050b3 code
 dc94 00000000 flag
W086 
 LowLevel Rom Word char (xt $56)
 HEAD
 dc98 0000d6c1 nfa
 dc9c 000045a9 code
 dca0 00000000 flag
W087 
 LowLevel Rom Word char+ (xt $57)
 HEAD
 dca4 0000d6c6 nfa
 dca8 000050c3 code
 dcac 00000000 flag
W088 
 LowLevel Rom Word chars (xt $58)
 HEAD
 dcb0 0000d6cc nfa
 dcb4 000050d3 code
 dcb8 00000000 flag
W089 
 LowLevel Rom Word constant (xt $59)
 HEAD
 dcbc 0000d6d2 nfa
 dcc0 00004631 code
 dcc4 00000000 flag
W090 
 LowLevel Rom Word strlen (xt $5a)
 HEAD
 dcc8 0000d6db nfa
 dccc 000049b5 code
 dcd0 00000000 flag
W091 
 COMP_ONLY IMMEDIATE LowLevel Rom Word again (xt $5b)
 HEAD
 dcd4 0000d6e2 nfa
 dcd8 00004f8d code
 dcdc 000000c0 flag
W092 
 LowLevel Rom Word count (xt $5c)
 HEAD
 dce0 0000d6e8 nfa
 dce4 0000499d code
 dce8 00000000 flag
W093 
 LowLevel Rom Word cr (xt $5d)
 HEAD
 dcec 0000d6ee nfa
 dcf0 00005911 code
 dcf4 00000000 flag
W094 
 LowLevel Rom Word create (xt $5e)
 HEAD
 dcf8 0000d6f1 nfa
 dcfc 000050d5 code
 dd00 00000000 flag
W095 
 LowLevel Rom Word decimal (xt $5f)
 HEAD
 dd04 0000d6f8 nfa
 dd08 0000595d code
 dd0c 00000000 flag
W096 
 LowLevel Rom Word depth (xt $60)
 HEAD
 dd10 0000d700 nfa
 dd14 00005111 code
 dd18 00000000 flag
W097 
 COMP_ONLY IMMEDIATE LowLevel Rom Word do (xt $61)
 HEAD
 dd1c 0000d706 nfa
 dd20 00004659 code
 dd24 000000c0 flag
W098 
 COMP_ONLY IMMEDIATE LowLevel Rom Word does> (xt $62)
 HEAD
 dd28 0000d709 nfa
 dd2c 00005135 code
 dd30 000000c0 flag
W099 
 LowLevel Rom Word dup (xt $63)
 HEAD
 dd34 0000d653 nfa
 dd38 00005795 code
 dd3c 00000000 flag
W100 
 COMP_ONLY IMMEDIATE LowLevel Rom Word else (xt $64)
 HEAD
 dd40 0000d70f nfa
 dd44 00004889 code
 dd48 000000c0 flag
W101 
 LowLevel Rom Word emit (xt $65)
 HEAD
 dd4c 0000d714 nfa
 dd50 000058cd code
 dd54 00000000 flag
W102 
 LowLevel Rom Word execute (xt $66)
 HEAD
 dd58 0000d719 nfa
 dd5c 00004a3d code
 dd60 00000000 flag
W103 
 LowLevel Rom Word fill (xt $67)
 HEAD
 dd64 0000d721 nfa
 dd68 00005be9 code
 dd6c 00000000 flag
W104 
 LowLevel Rom Word find (xt $68)
 HEAD
 dd70 0000d726 nfa
 dd74 00005175 code
 dd78 00000000 flag
W105 
 LowLevel Rom Word here (xt $69)
 HEAD
 dd7c 0000d72b nfa
 dd80 00004991 code
 dd84 00000000 flag
W106 
 LowLevel Rom Word hold (xt $6a)
 HEAD
 dd88 0000d730 nfa
 dd8c 000051f1 code
 dd90 00000000 flag
W107 
 LowLevel Rom Word i (xt $6b)
 HEAD
 dd94 0000d735 nfa
 dd98 000049c7 code
 dd9c 00000000 flag
W108 
 COMP_ONLY IMMEDIATE LowLevel Rom Word if (xt $6c)
 HEAD
 dda0 0000d737 nfa
 dda4 0000485d code
 dda8 000000c0 flag
W109 
 LowLevel Rom Word j (xt $6d)
 HEAD
 ddac 0000d73a nfa
 ddb0 000049d7 code
 ddb4 00000000 flag
W110 
 COMP_ONLY IMMEDIATE LowLevel Rom Word leave (xt $6e)
 HEAD
 ddb8 0000d73c nfa
 ddbc 00005215 code
 ddc0 000000c0 flag
W111 
 COMP_ONLY IMMEDIATE LowLevel Rom Word loop (xt $6f)
 HEAD
 ddc4 0000d61d nfa
 ddc8 0000467d code
 ddcc 000000c0 flag
W112 
 LowLevel Rom Word max (xt $70)
 HEAD
 ddd0 0000d742 nfa
 ddd4 000048fd code
 ddd8 00000000 flag
W113 
 LowLevel Rom Word min (xt $71)
 HEAD
 dddc 0000d746 nfa
 dde0 00004917 code
 dde4 00000000 flag
W114 
 LowLevel Rom Word mod (xt $72)
 HEAD
 dde8 0000d615 nfa
 ddec 0000522d code
 ddf0 00000000 flag
W115 
 LowLevel Rom Word negate (xt $73)
 HEAD
 ddf4 0000d74a nfa
 ddf8 00004839 code
 ddfc 00000000 flag
W116 
 LowLevel Rom Word nip (xt $74)
 HEAD
 de00 0000d751 nfa
 de04 0000511f code
 de08 00000000 flag
W117 
 LowLevel Rom Word or (xt $75)
 HEAD
 de0c 0000d7a0 nfa
 de10 00005815 code
 de14 00000000 flag
W118 
 LowLevel Rom Word pick (xt $76)
 HEAD
 de18 0000d755 nfa
 de1c 000057a5 code
 de20 00000000 flag
W119 
 LowLevel Rom Word quit (xt $77)
 HEAD
 de24 0000d75a nfa
 de28 00006dad code
 de2c 00000000 flag
W120 
 LowLevel Rom Word r> (xt $78)
 HEAD
 de30 0000d75f nfa
 de34 00005c55 code
 de38 00000000 flag
W121 
 LowLevel Rom Word r@ (xt $79)
 HEAD
 de3c 0000d762 nfa
 de40 00005c45 code
 de44 00000000 flag
W122 
 COMP_ONLY IMMEDIATE LowLevel Rom Word repeat (xt $7a)
 HEAD
 de48 0000d765 nfa
 de4c 00005035 code
 de50 000000c0 flag
W123 
 LowLevel Rom Word rot (xt $7b)
 HEAD
 de54 0000d76c nfa
 de58 000057d5 code
 de5c 00000000 flag
W124 
 LowLevel Rom Word source (xt $7c)
 HEAD
 de60 0000d770 nfa
 de64 00005249 code
 de68 00000000 flag
W125 
 LowLevel Rom Word space (xt $7d)
 HEAD
 de6c 0000d777 nfa
 de70 0000591d code
 de74 00000000 flag
W126 
 LowLevel Rom Word spaces (xt $7e)
 HEAD
 de78 0000d77d nfa
 de7c 0000592d code
 de80 00000000 flag
W127 
 LowLevel Rom Word swap (xt $7f)
 HEAD
 de84 0000d65e nfa
 de88 000057b7 code
 de8c 00000000 flag
W128 
 COMP_ONLY IMMEDIATE LowLevel Rom Word then (xt $80)
 HEAD
 de90 0000d784 nfa
 de94 000048d1 code
 de98 000000c0 flag
W129 
 LowLevel Rom Word u. (xt $81)
 HEAD
 de9c 0000d789 nfa
 dea0 00005859 code
 dea4 00000000 flag
W130 
 COMP_ONLY IMMEDIATE LowLevel Rom Word until (xt $82)
 HEAD
 dea8 0000d78c nfa
 deac 00004fc1 code
 deb0 000000c0 flag
W131 
 COMP_ONLY IMMEDIATE LowLevel Rom Word while (xt $83)
 HEAD
 deb4 0000d792 nfa
 deb8 00004ff5 code
 debc 000000c0 flag
W132 
 LowLevel Rom Word word (xt $84)
 HEAD
 dec0 0000d798 nfa
 dec4 00004a7d code
 dec8 00000000 flag
W133 
 IMMEDIATE LowLevel Rom Word \ (xt $85)
 HEAD
 decc 0000d79d nfa
 ded0 00004ae5 code
 ded4 00000080 flag
W134 
 LowLevel Rom Word xor (xt $86)
 HEAD
 ded8 0000d79f nfa
 dedc 0000582b code
 dee0 00000000 flag
W135 
 IMMEDIATE LowLevel Rom Word [ (xt $87)
 HEAD
 dee4 0000e84c nfa
 dee8 00005265 code
 deec 00000080 flag
W136 
 IMMEDIATE LowLevel Rom Word ['] (xt $88)
 HEAD
 def0 0000d7a3 nfa
 def4 00005271 code
 def8 00000080 flag
W137 
 IMMEDIATE LowLevel Rom Word [char] (xt $89)
 HEAD
 defc 0000d7a7 nfa
 df00 000052c1 code
 df04 00000080 flag
W138 
 LowLevel Rom Word ] (xt $8a)
 HEAD
 df08 0000d7a5 nfa
 df0c 000052f9 code
 df10 00000000 flag
W139 
 IMMEDIATE LowLevel Rom Word .( (xt $8b)
 HEAD
 df14 0000d7ae nfa
 df18 000058f9 code
 df1c 00000080 flag
W140 
 LowLevel Rom Word hex (xt $8c)
 HEAD
 df20 0000d7b1 nfa
 df24 00005951 code
 df28 00000000 flag
W141 
 LowLevel Rom Word help (xt $8d)
 HEAD
 df2c 0000d7b5 nfa
 df30 00004791 code
 df34 00000000 flag
W142 
 LowLevel Rom Word who (xt $8e)
 HEAD
 df38 0000d7ba nfa
 df3c 000047b1 code
 df40 00000000 flag
W143 
 LowLevel Rom Word .s (xt $8f)
 HEAD
 df44 0000d7be nfa
 df48 00005881 code
 df4c 00000000 flag
W144 
 LowLevel Rom Word dump (xt $90)
 HEAD
 df50 0000d7c1 nfa
 df54 000046c9 code
 df58 00000000 flag
W145 
 LowLevel Rom Word (see) (xt $91)
 HEAD
 df5c 0000d7c6 nfa
 df60 00005381 code
 df64 00000000 flag
W146 
 LowLevel Rom Word see (xt $92)
 HEAD
 df68 0000d7cc nfa
 df6c 000056ad code
 df70 00000000 flag
W147 
 LowLevel Rom Word words (xt $93)
 HEAD
 df74 0000d7d0 nfa
 df78 00005aad code
 df7c 00000000 flag
W148 
 LowLevel Rom Word romEntry (xt $94)
 HEAD
 df80 0000d7d6 nfa
 df84 00005969 code
 df88 00000000 flag
W149 
 LowLevel Rom Word ramFirst (xt $95)
 HEAD
 df8c 0000d7df nfa
 df90 00005985 code
 df94 00000000 flag
W150 
 LowLevel Rom Word ramLast (xt $96)
 HEAD
 df98 0000d7e8 nfa
 df9c 00005991 code
 dfa0 00000000 flag
W151 
 LowLevel Rom Word isRamEntry (xt $97)
 HEAD
 dfa4 0000d7f0 nfa
 dfa8 000059dd code
 dfac 00000000 flag
W152 
 LowLevel Rom Word nextRamEntry (xt $98)
 HEAD
 dfb0 0000d7fb nfa
 dfb4 00005a35 code
 dfb8 00000000 flag
W153 
 LowLevel Rom Word .name (xt $99)
 HEAD
 dfbc 0000d808 nfa
 dfc0 00005cfd code
 dfc4 00000000 flag
W154 
 LowLevel Rom Word delay (xt $9a)
 HEAD
 dfc8 0000d80e nfa
 dfcc 00005b2d code
 dfd0 00000000 flag
W155 
 LowLevel Rom Word pinWrite (xt $9b)
 HEAD
 dfd4 0000d814 nfa
 dfd8 000056bb code
 dfdc 00000000 flag
W156 
 LowLevel Rom Word pinMode (xt $9c)
 HEAD
 dfe0 0000d81d nfa
 dfe4 000056d3 code
 dfe8 00000000 flag
W157 
 LowLevel Rom Word pinRead (xt $9d)
 HEAD
 dfec 0000d825 nfa
 dff0 000056eb code
 dff4 00000000 flag
W158 
 LowLevel Rom Word analogRead (xt $9e)
 HEAD
 dff8 0000d82d nfa
 dffc 000056fd code
 e000 00000000 flag
W159 
 LowLevel Rom Word analogWrite (xt $9f)
 HEAD
 e004 0000d838 nfa
 e008 0000570f code
 e00c 00000000 flag
W160 
 LowLevel Rom Word >name (xt $a0)
 HEAD
 e010 0000d844 nfa
 e014 00005727 code
 e018 00000000 flag
W161 
 COMP_ONLY IMMEDIATE LowLevel Rom Word eflmkdir (xt $a1)
 HEAD
 e01c 0000d84a nfa
 e020 00006199 code
 e024 000000c0 flag
W162 
 LowLevel Rom Word load (xt $a2)
 HEAD
 e028 0000d864 nfa
 e02c 00006cf5 code
 e030 00000000 flag
W163 
 LowLevel Rom Word echo! (xt $a3)
 HEAD
 e034 0000d853 nfa
 e038 00006cd9 code
 e03c 00000000 flag
W164 
 LowLevel Rom Word remove (xt $a4)
 HEAD
 e040 0000d859 nfa
 e044 00006dcd code
 e048 00000000 flag
W165 
 LowLevel Rom Word download (xt $a5)
 HEAD
 e04c 0000d860 nfa
 e050 00005e45 code
 e054 00000000 flag
W166 
 LowLevel Rom Word tone (xt $a6)
 HEAD
 e058 0000d869 nfa
 e05c 00005741 code
 e060 00000000 flag
W167 
 LowLevel Rom Word noTone (xt $a7)
 HEAD
 e064 0000d86e nfa
 e068 00005761 code
 e06c 00000000 flag
W168 
 LowLevel Rom Word freq (xt $a8)
 HEAD
 e070 0000d875 nfa
 e074 00005771 code
 e078 00000000 flag
W169 
 LowLevel Rom Word isWord (xt $a9)
 HEAD
 e07c 0000d87a nfa
 e080 00006ba9 code
 e084 00000000 flag
W170 
 HighLevel Ram Word .r (xt $20000388)
 HEAD
 2000037c 00000000 link
 20000380 20000388 cfa
 20000384 00722e00 name, flag
 BODY
 20000388 00000044 >r
 2000038c 0000002d 0
 20000390 00000041 <#
 20000394 00000020 #s
 20000398 0000001f #>
 2000039c 00000078 r>
 200003a0 00000010 over
 200003a4 00000018 -
 200003a8 0000002d 0
 200003ac 00000010 over
 200003b0 00000040 <
 200003b4 00000005 zbran (200003c8)
 200003bc 0000007e spaces
 200003c0 00000004 bran (200003cc)
 200003c8 00000012 drop
 200003cc 00000003 type
 200003d0 00000001 exit
W171 
 HighLevel Ram Word .0r (xt $200003e4)
 HEAD
 200003d4 2000037c link
 200003d8 200003e4 cfa
 200003dc 72302e00 name, flag
 200003e0 00000000
 BODY
 200003e4 00000044 >r
 200003e8 0000002d 0
 200003ec 00000041 <#
 200003f0 00000020 #s
 200003f4 0000001f #>
 200003f8 00000078 r>
 200003fc 00000010 over
 20000400 00000018 -
 20000404 0000002d 0
 20000408 00000010 over
 2000040c 00000040 <
 20000410 00000005 zbran (2000043c)
 20000418 0000002d 0
 2000041c 00000008 (do)
 20000420 00000002 literal (00000030)
 20000428 00000065 emit
 2000042c 00000009 (loop) (20000420)
 20000434 00000004 bran (20000440)
 2000043c 00000012 drop
 20000440 00000003 type
 20000444 00000001 exit
W172 
 HighLevel Ram Word t (xt $20000454)
 HEAD
 20000448 200003d4 link
 2000044c 20000454 cfa
 20000450 00007400 name, flag
 BODY
 20000454 00000002 literal (0000000a)
 2000045c 0000002e 1
 20000460 00000008 (do)
 20000464 0000005d cr
 20000468 00000002 literal (0000000a)
 20000470 0000002e 1
 20000474 00000008 (do)
 20000478 0000006b i
 2000047c 0000006d j
 20000480 0000001a *
 20000484 00000030 3
 20000488 20000388 .r
 2000048c 00000009 (loop) (20000478)
 20000494 00000009 (loop) (20000464)
 2000049c 00000001 exit
W173 
 HighLevel Ram Word led (xt $200004b0)
 HEAD
 200004a0 20000448 link
 200004a4 200004b0 cfa
 200004a8 64656c00 name, flag
 200004ac 00000000
 BODY
 200004b0 00000013 (con)
 200004b4 0000000d
W174 
 HighLevel Ram Word buzzer (xt $200004c8)
 HEAD
 200004b8 200004a0 link
 200004bc 200004c8 cfa
 200004c0 7a756200 name, flag
 200004c4 0072657a
 BODY
 200004c8 00000013 (con)
 200004cc 0000000e
W175 
 HighLevel Ram Word BR (xt $200004dc)
 HEAD
 200004d0 200004b8 link
 200004d4 200004dc cfa
 200004d8 00524200 name, flag
 BODY
 200004dc 00000013 (con)
 200004e0 00000009
W176 
 HighLevel Ram Word BD (xt $200004f0)
 HEAD
 200004e4 200004d0 link
 200004e8 200004f0 cfa
 200004ec 00444200 name, flag
 BODY
 200004f0 00000013 (con)
 200004f4 0000000a
W177 
 HighLevel Ram Word BL (xt $20000504)
 HEAD
 200004f8 200004e4 link
 200004fc 20000504 cfa
 20000500 004c4200 name, flag
 BODY
 20000504 00000013 (con)
 20000508 0000000b
W178 
 HighLevel Ram Word BU (xt $20000518)
 HEAD
 2000050c 200004f8 link
 20000510 20000518 cfa
 20000514 00554200 name, flag
 BODY
 20000518 00000013 (con)
 2000051c 0000000c
W179 
 HighLevel Ram Word O (xt $2000052c)
 HEAD
 20000520 2000050c link
 20000524 2000052c cfa
 20000528 00004f00 name, flag
 BODY
 2000052c 0000002e 1
 20000530 0000007f swap
 20000534 0000009c pinMode
 20000538 00000001 exit
W180 
 HighLevel Ram Word I (xt $20000548)
 HEAD
 2000053c 20000520 link
 20000540 20000548 cfa
 20000544 00004900 name, flag
 BODY
 20000548 0000002f 2
 2000054c 0000007f swap
 20000550 0000009c pinMode
 20000554 00000001 exit
W181 
 HighLevel Ram Word H (xt $20000564)
 HEAD
 20000558 2000053c link
 2000055c 20000564 cfa
 20000560 00004800 name, flag
 BODY
 20000564 0000002e 1
 20000568 0000007f swap
 2000056c 0000009b pinWrite
 20000570 00000001 exit
W182 
 HighLevel Ram Word L (xt $20000580)
 HEAD
 20000574 20000558 link
 20000578 20000580 cfa
 2000057c 00004c00 name, flag
 BODY
 20000580 0000002d 0
 20000584 0000007f swap
 20000588 0000009b pinWrite
 2000058c 00000001 exit
W183 
 HighLevel Ram Word T (xt $2000059c)
 HEAD
 20000590 20000574 link
 20000594 2000059c cfa
 20000598 00005400 name, flag
 BODY
 2000059c 0000002e 1
 200005a0 00000010 over
 200005a4 0000009d pinRead
 200005a8 00000018 -
 200005ac 0000007f swap
 200005b0 0000009b pinWrite
 200005b4 00000001 exit
W184 
 HighLevel Ram Word X (xt $200005c4)
 HEAD
 200005b8 20000590 link
 200005bc 200005c4 cfa
 200005c0 00005800 name, flag
 BODY
 200005c4 0000007f swap
 200005c8 00000010 over
 200005cc 2000052c O
 200005d0 0000002d 0
 200005d4 00000008 (do)
 200005d8 00000063 dup
 200005dc 2000059c T
 200005e0 00000002 literal (000001f4)
 200005e8 0000009a delay
 200005ec 00000009 (loop) (200005d8)
 200005f4 00000012 drop
 200005f8 00000001 exit
W185 
 HighLevel Ram Word y (xt $20000608)
 HEAD
 200005fc 200005b8 link
 20000600 20000608 cfa
 20000604 00007900 name, flag
 BODY
 20000608 00000005 zbran (20000628)
 20000610 0000000e ." non-zero"
 20000620 00000004 bran (20000634)
 20000628 0000000e ." zero"
 20000634 00000001 exit
 20000638 200005fc 
 2000063c 20000644 z
 20000640 00007a00 
 20000644 00000005 zbran (20000658)
 2000064c 0000000e ." non-"
 20000658 0000000e ." zero"
 20000664 00000001 exit
W186 
 HighLevel Ram Word z (xt $20000644)
 HEAD
 20000638 200005fc link
 2000063c 20000644 cfa
 20000640 00007a00 name, flag
 BODY
 20000644 00000005 zbran (20000658)
 2000064c 0000000e ." non-"
 20000658 0000000e ." zero"
 20000664 00000001 exit
W187 
 HighLevel Ram Word countRomWords (xt $20000680)
 HEAD
 20000668 20000638 link
 2000066c 20000680 cfa
 20000670 756f6300 name, flag
 20000674 6f52746e
 20000678 726f576d
 2000067c 00007364
 BODY
 20000680 0000002d 0
 20000684 00000032 1+
 20000688 00000063 dup
 2000068c 00000094 romEntry
 20000690 00000046 @
 20000694 0000001b 0=
 20000698 00000005 zbran (20000684)
 200006a0 00000001 exit
W188 
 HighLevel Ram Word romWords (xt $200006b8)
 HEAD
 200006a4 20000668 link
 200006a8 200006b8 cfa
 200006ac 6d6f7200 name, flag
 200006b0 64726f57
 200006b4 00000073
 BODY
 200006b8 20000680 countRomWords
 200006bc 00000063 dup
 200006c0 00000005 zbran (200006e0)
 200006c8 00000063 dup
 200006cc 00000099 .name
 200006d0 0000007d space
 200006d4 00000033 1-
 200006d8 00000004 bran (200006bc)
 200006e0 00000012 drop
 200006e4 00000001 exit
W189 
 HighLevel Ram Word immediate? (xt $200006fc)
 HEAD
 200006e8 200006a4 link
 200006ec 200006fc cfa
 200006f0 6d6d6900 name, flag
 200006f4 61696465
 200006f8 003f6574
 BODY
 200006fc 00000002 literal (00000080)
 20000704 0000004b and
 20000708 00000001 exit
W190 
 HighLevel Ram Word compile-only? (xt $20000724)
 HEAD
 2000070c 200006e8 link
 20000710 20000724 cfa
 20000714 6d6f6300 name, flag
 20000718 656c6970
 2000071c 6c6e6f2d
 20000720 00003f79
 BODY
 20000724 00000002 literal (00000040)
 2000072c 0000004b and
 20000730 00000001 exit
W191 
 HighLevel Ram Word smudge? (xt $20000748)
 HEAD
 20000734 2000070c link
 20000738 20000748 cfa
 2000073c 756d7300 name, flag
 20000740 3f656764
 20000744 00000000
 BODY
 20000748 00000002 literal (00000020)
 20000750 0000004b and
 20000754 00000001 exit
W192 
 HighLevel Ram Word entry>link (xt $2000076c)
 HEAD
 20000758 20000734 link
 2000075c 2000076c cfa
 20000760 746e6500 name, flag
 20000764 6c3e7972
 20000768 006b6e69
 BODY
 2000076c 00000001 exit
W193 
 HighLevel Ram Word entry>cfa (xt $20000784)
 HEAD
 20000770 20000758 link
 20000774 20000784 cfa
 20000778 746e6500 name, flag
 2000077c 633e7972
 20000780 20006166
 BODY
 20000784 00000052 cell+
 20000788 00000046 @
 2000078c 00000001 exit
W194 
 HighLevel Ram Word countRamWords (xt $200007a8)
 HEAD
 20000790 20000770 link
 20000794 200007a8 cfa
 20000798 756f6300 name, flag
 2000079c 6152746e
 200007a0 726f576d
 200007a4 00007364
 BODY
 200007a8 0000002d 0
 200007ac 00000096 ramLast
 200007b0 00000063 dup
 200007b4 00000005 zbran (200007d8)
 200007bc 0000007f swap
 200007c0 00000032 1+
 200007c4 0000007f swap
 200007c8 2000076c entry>link
 200007cc 00000046 @
 200007d0 00000004 bran (200007b0)
 200007d8 00000012 drop
 200007dc 00000001 exit
W195 
 HighLevel Ram Word ramWords (xt $200007f4)
 HEAD
 200007e0 20000790 link
 200007e4 200007f4 cfa
 200007e8 6d617200 name, flag
 200007ec 64726f57
 200007f0 00000073
 BODY
 200007f4 00000096 ramLast
 200007f8 00000063 dup
 200007fc 00000005 zbran (20000824)
 20000804 00000063 dup
 20000808 20000784 entry>cfa
 2000080c 00000099 .name
 20000810 0000007d space
 20000814 2000076c entry>link
 20000818 00000046 @
 2000081c 00000004 bran (200007f8)
 20000824 00000012 drop
 20000828 00000001 exit
W196 
 HighLevel Ram Word allWords (xt $20000840)
 HEAD
 2000082c 200007e0 link
 20000830 20000840 cfa
 20000834 6c6c6100 name, flag
 20000838 64726f57
 2000083c 00000073
 BODY
 20000840 0000005d cr
 20000844 200007f4 ramWords
 20000848 200006b8 romWords
 2000084c 00000001 exit
W197 
 HighLevel Ram Word w. (xt $2000085c)
 HEAD
 20000850 2000082c link
 20000854 2000085c cfa
 20000858 002e7700 name, flag
 BODY
 2000085c 0000004c base
 20000860 00000046 @
 20000864 00000044 >r
 20000868 0000005f decimal
 2000086c 0000000e ." W"
 20000874 00000030 3
 20000878 200003e4 .0r
 2000087c 0000007d space
 20000880 00000078 r>
 20000884 0000004c base
 20000888 0000001d !
 2000088c 00000001 exit
W198 
 HighLevel Ram Word seeRamWords (xt $200008a8)
 HEAD
 20000890 20000850 link
 20000894 200008a8 cfa
 20000898 65657300 name, flag
 2000089c 576d6152
 200008a0 7364726f
 200008a4 00000000
 BODY
 200008a8 20000680 countRomWords
 200008ac 200007a8 countRamWords
 200008b0 00000019 +
 200008b4 00000096 ramLast
 200008b8 00000063 dup
 200008bc 00000005 zbran (200008f4)
 200008c4 0000007f swap
 200008c8 00000063 dup
 200008cc 2000085c w.
 200008d0 00000033 1-
 200008d4 0000007f swap
 200008d8 00000063 dup
 200008dc 20000784 entry>cfa
 200008e0 00000091 (see)
 200008e4 2000076c entry>link
 200008e8 00000046 @
 200008ec 00000004 bran (200008b8)
 200008f4 0000003a 2drop
 200008f8 00000001 exit
W199 
 HighLevel Ram Word seeRomWords (xt $20000914)
 HEAD
 200008fc 20000890 link
 20000900 20000914 cfa
 20000904 65657300 name, flag
 20000908 576d6f52
 2000090c 7364726f
 20000910 00000000
 BODY
 20000914 20000680 countRomWords
 20000918 00000063 dup
 2000091c 00000005 zbran (20000940)
 20000924 00000063 dup
 20000928 2000085c w.
 2000092c 00000063 dup
 20000930 00000091 (see)
 20000934 00000033 1-
 20000938 00000004 bran (20000918)
 20000940 00000012 drop
 20000944 00000001 exit
W200 
 HighLevel Ram Word seeAll (xt $20000958)
 HEAD
 20000948 200008fc link
 2000094c 20000958 cfa
 20000950 65657300 name, flag
 20000954 006c6c41
 BODY
 20000958 0000005d cr
 2000095c 200008a8 seeRamWords
 20000960 20000914 seeRomWords
 20000964 00000001 exit
W201 
 HighLevel Ram Word ww (xt $20000974)
 HEAD
 20000968 20000948 link
 2000096c 20000974 cfa
 20000970 00777700 name, flag
 BODY
 20000974 0000005d cr
 20000978 0000002d 0
 2000097c 00000032 1+
 20000980 00000063 dup
 20000984 00000094 romEntry
 20000988 00000046 @
 2000098c 00000005 zbran (200009b0)
 20000994 00000063 dup
 20000998 2000085c w.
 2000099c 00000063 dup
 200009a0 00000099 .name
 200009a4 0000007d space
 200009a8 00000004 bran (2000097c)
 200009b0 00000095 ramFirst
 200009b4 00000045 ?dup
 200009b8 00000005 zbran (200009f0)
 200009c0 00000010 over
 200009c4 2000085c w.
 200009c8 00000063 dup
 200009cc 20000784 entry>cfa
 200009d0 00000099 .name
 200009d4 0000007d space
 200009d8 0000007f swap
 200009dc 00000032 1+
 200009e0 0000007f swap
 200009e4 00000098 nextRamEntry
 200009e8 00000004 bran (200009b4)
 200009f0 00000012 drop
 200009f4 00000001 exit
W202 
 HighLevel Ram Word ss (xt $20000a04)
 HEAD
 200009f8 20000968 link
 200009fc 20000a04 cfa
 20000a00 00737300 name, flag
 BODY
 20000a04 0000005d cr
 20000a08 0000002d 0
 20000a0c 00000032 1+
 20000a10 00000063 dup
 20000a14 00000094 romEntry
 20000a18 00000046 @
 20000a1c 00000005 zbran (20000a3c)
 20000a24 00000063 dup
 20000a28 2000085c w.
 20000a2c 00000063 dup
 20000a30 00000091 (see)
 20000a34 00000004 bran (20000a0c)
 20000a3c 00000095 ramFirst
 20000a40 00000045 ?dup
 20000a44 00000005 zbran (20000a78)
 20000a4c 00000010 over
 20000a50 2000085c w.
 20000a54 00000063 dup
 20000a58 20000784 entry>cfa
 20000a5c 00000091 (see)
 20000a60 0000007f swap
 20000a64 00000032 1+
 20000a68 0000007f swap
 20000a6c 00000098 nextRamEntry
 20000a70 00000004 bran (20000a40)
 20000a78 00000012 drop
 20000a7c 00000001 exit
W203 
 HighLevel Ram Word tst (xt $20000a90)
 HEAD
 20000a80 200009f8 link
 20000a84 20000a90 cfa
 20000a88 74737400 name, flag
 20000a8c 00000000
 BODY
 20000a90 00000002 literal (00000030)
 20000a98 0000002d 0
 20000a9c 00000008 (do)
 20000aa0 0000006b i
 20000aa4 00000002 literal (0000000c)
 20000aac 00000072 mod
 20000ab0 0000001b 0=
 20000ab4 00000005 zbran (20000ac0)
 20000abc 0000005d cr
 20000ac0 00000002 literal (000000fa)
 20000ac8 0000006b i
 20000acc 00000054 cells
 20000ad0 000000a8 freq
 20000ad4 00000019 +
 20000ad8 00000046 @
 20000adc 00000063 dup
 20000ae0 00000031 4
 20000ae4 200003e4 .0r
 20000ae8 0000007d space
 20000aec 00000002 literal (0000000e)
 20000af4 000000a6 tone
 20000af8 00000002 literal (00000113)
 20000b00 0000009a delay
 20000b04 00000009 (loop) (20000aa0)
 20000b0c 00000001 exit
W204 
 HighLevel Ram Word printableChars (xt $20000b28)
 HEAD
 20000b10 20000a80 link
 20000b14 20000b28 cfa
 20000b18 69727000 name, flag
 20000b1c 6261746e
 20000b20 6843656c
 20000b24 00737261
 BODY
 20000b28 0000004c base
 20000b2c 00000046 @
 20000b30 0000008c hex
 20000b34 00000002 literal (0000007f)
 20000b3c 00000002 literal (00000021)
 20000b44 0000005d cr
 20000b48 00000008 (do)
 20000b4c 0000006b i
 20000b50 0000002f 2
 20000b54 200003e4 .0r
 20000b58 0000007d space
 20000b5c 0000006b i
 20000b60 00000065 emit
 20000b64 0000007d space
 20000b68 0000006b i
 20000b6c 00000002 literal (0000000f)
 20000b74 0000004b and
 20000b78 0000001b 0=
 20000b7c 00000005 zbran (20000b88)
 20000b84 0000005d cr
 20000b88 00000009 (loop) (20000b4c)
 20000b90 0000004c base
 20000b94 0000001d !
 20000b98 00000001 exit
W205 
 HighLevel Ram Word keyNote (xt $20000bb0)
 HEAD
 20000b9c 20000b10 link
 20000ba0 20000bb0 cfa
 20000ba4 79656b00 name, flag
 20000ba8 65746f4e
 20000bac 00000000
 BODY
 20000bb0 0000000f (var)
 20000bb4 000000dc
W206 
 HighLevel Ram Word keyNote: (xt $20000bcc)
 HEAD
 20000bb8 20000b9c link
 20000bbc 20000bcc cfa
 20000bc0 79656b00 name, flag
 20000bc4 65746f4e
 20000bc8 0000003a
 BODY
 20000bcc 0000005e create
 20000bd0 0000002e 1
 20000bd4 0000004a allot
 20000bd8 00000027 ,
 20000bdc 00000006 (does>)
 20000be0 00000078 r>
 20000be4 00000078 r>
 20000be8 00000012 drop
 20000bec 00000052 cell+
 20000bf0 00000046 @
 20000bf4 20000bb0 keyNote
 20000bf8 0000001d !
 20000bfc 00000001 exit
W207 
 HighLevel Ram Word A (xt $20000c0c)
 HEAD
 20000c00 20000bb8 link
 20000c04 20000c0c cfa
 20000c08 00004100 name, flag
 BODY
 20000c0c 20000be0 (does> keyNote:)
 20000c14 000000dc
 ok
$f7 keyNote: B  ok
see B 
 HighLevel Ram Word B (xt $20000c24)
 HEAD
 20000c18 20000c00 link
 20000c1c 20000c24 cfa
 20000c20 00004200 name, flag
 BODY
 20000c24 20000be0 (does> keyNote:)
 20000c2c 000000f7
 ok
